[0.576s] Invoking command in '/home/bobby/dev_ws/src/gamepad_pkg': PYTHONPATH=/home/bobby/dev_ws/build/gamepad_pkg/prefix_override:/usr/lib/python3/dist-packages/colcon_core/task/python/colcon_distutils_commands:/home/bobby/dev_ws/install/gamepad_pkg/lib/python3.10/site-packages:${PYTHONPATH} /usr/bin/python3 -W ignore:setup.py install is deprecated setup.py egg_info --egg-base ../../build/gamepad_pkg build --build-base /home/bobby/dev_ws/build/gamepad_pkg/build install --record /home/bobby/dev_ws/build/gamepad_pkg/install.log --single-version-externally-managed install_data
[0.730s] running egg_info
[0.730s] creating ../../build/gamepad_pkg/gamepad_pkg.egg-info
[0.730s] writing ../../build/gamepad_pkg/gamepad_pkg.egg-info/PKG-INFO
[0.731s] writing dependency_links to ../../build/gamepad_pkg/gamepad_pkg.egg-info/dependency_links.txt
[0.731s] writing entry points to ../../build/gamepad_pkg/gamepad_pkg.egg-info/entry_points.txt
[0.731s] writing requirements to ../../build/gamepad_pkg/gamepad_pkg.egg-info/requires.txt
[0.731s] writing top-level names to ../../build/gamepad_pkg/gamepad_pkg.egg-info/top_level.txt
[0.731s] writing manifest file '../../build/gamepad_pkg/gamepad_pkg.egg-info/SOURCES.txt'
[0.732s] reading manifest file '../../build/gamepad_pkg/gamepad_pkg.egg-info/SOURCES.txt'
[0.732s] adding license file 'LICENSE'
[0.732s] writing manifest file '../../build/gamepad_pkg/gamepad_pkg.egg-info/SOURCES.txt'
[0.733s] running build
[0.733s] running build_py
[0.733s] creating /home/bobby/dev_ws/build/gamepad_pkg/build
[0.733s] creating /home/bobby/dev_ws/build/gamepad_pkg/build/lib
[0.733s] creating /home/bobby/dev_ws/build/gamepad_pkg/build/lib/gamepad_pkg
[0.733s] copying gamepad_pkg/gamepad_node.py -> /home/bobby/dev_ws/build/gamepad_pkg/build/lib/gamepad_pkg
[0.733s] copying gamepad_pkg/__init__.py -> /home/bobby/dev_ws/build/gamepad_pkg/build/lib/gamepad_pkg
[0.733s] running install
[0.733s] running install_lib
[0.734s] creating /home/bobby/dev_ws/install/gamepad_pkg/lib/python3.10/site-packages/gamepad_pkg
[0.734s] copying /home/bobby/dev_ws/build/gamepad_pkg/build/lib/gamepad_pkg/gamepad_node.py -> /home/bobby/dev_ws/install/gamepad_pkg/lib/python3.10/site-packages/gamepad_pkg
[0.734s] copying /home/bobby/dev_ws/build/gamepad_pkg/build/lib/gamepad_pkg/__init__.py -> /home/bobby/dev_ws/install/gamepad_pkg/lib/python3.10/site-packages/gamepad_pkg
[0.734s] byte-compiling /home/bobby/dev_ws/install/gamepad_pkg/lib/python3.10/site-packages/gamepad_pkg/gamepad_node.py to gamepad_node.cpython-310.pyc
[0.735s] byte-compiling /home/bobby/dev_ws/install/gamepad_pkg/lib/python3.10/site-packages/gamepad_pkg/__init__.py to __init__.cpython-310.pyc
[0.735s] running install_data
[0.735s] creating /home/bobby/dev_ws/install/gamepad_pkg/share/ament_index
[0.736s] creating /home/bobby/dev_ws/install/gamepad_pkg/share/ament_index/resource_index
[0.736s] creating /home/bobby/dev_ws/install/gamepad_pkg/share/ament_index/resource_index/packages
[0.736s] copying resource/gamepad_pkg -> /home/bobby/dev_ws/install/gamepad_pkg/share/ament_index/resource_index/packages
[0.736s] copying package.xml -> /home/bobby/dev_ws/install/gamepad_pkg/share/gamepad_pkg
[0.736s] running install_egg_info
[0.737s] Copying ../../build/gamepad_pkg/gamepad_pkg.egg-info to /home/bobby/dev_ws/install/gamepad_pkg/lib/python3.10/site-packages/gamepad_pkg-0.0.0-py3.10.egg-info
[0.738s] running install_scripts
[0.752s] Installing gamepad_node script to /home/bobby/dev_ws/install/gamepad_pkg/lib/gamepad_pkg
[0.753s] writing list of installed files to '/home/bobby/dev_ws/build/gamepad_pkg/install.log'
[0.772s] Invoked command in '/home/bobby/dev_ws/src/gamepad_pkg' returned '0': PYTHONPATH=/home/bobby/dev_ws/build/gamepad_pkg/prefix_override:/usr/lib/python3/dist-packages/colcon_core/task/python/colcon_distutils_commands:/home/bobby/dev_ws/install/gamepad_pkg/lib/python3.10/site-packages:${PYTHONPATH} /usr/bin/python3 -W ignore:setup.py install is deprecated setup.py egg_info --egg-base ../../build/gamepad_pkg build --build-base /home/bobby/dev_ws/build/gamepad_pkg/build install --record /home/bobby/dev_ws/build/gamepad_pkg/install.log --single-version-externally-managed install_data
