[0.747s] Invoking command in '/home/bobby/dev_ws/build/gamepad_pkg': PYTHONPATH=/home/bobby/dev_ws/build/gamepad_pkg/prefix_override:/usr/lib/python3/dist-packages/colcon_core/task/python/colcon_distutils_commands:/home/bobby/dev_ws/install/gamepad_pkg/lib/python3.10/site-packages:${PYTHONPATH} /usr/bin/python3 -W ignore:setup.py install is deprecated setup.py develop --uninstall --editable --build-directory /home/bobby/dev_ws/build/gamepad_pkg/build
[0.980s] running develop
[0.980s] /usr/lib/python3/dist-packages/setuptools/command/easy_install.py:158: EasyInstallDeprecationWarning: easy_install command is deprecated. Use build and pip and other standards-based tools.
[0.980s]   warnings.warn(
[1.113s] Removing /home/bobby/dev_ws/install/gamepad_pkg/lib/python3.10/site-packages/gamepad-pkg.egg-link (link to .)
[1.151s] Invoked command in '/home/bobby/dev_ws/build/gamepad_pkg' returned '0': PYTHONPATH=/home/bobby/dev_ws/build/gamepad_pkg/prefix_override:/usr/lib/python3/dist-packages/colcon_core/task/python/colcon_distutils_commands:/home/bobby/dev_ws/install/gamepad_pkg/lib/python3.10/site-packages:${PYTHONPATH} /usr/bin/python3 -W ignore:setup.py install is deprecated setup.py develop --uninstall --editable --build-directory /home/bobby/dev_ws/build/gamepad_pkg/build
[1.154s] Invoking command in '/home/bobby/dev_ws/src/gamepad_pkg': PYTHONPATH=/home/bobby/dev_ws/build/gamepad_pkg/prefix_override:/usr/lib/python3/dist-packages/colcon_core/task/python/colcon_distutils_commands:/home/bobby/dev_ws/install/gamepad_pkg/lib/python3.10/site-packages:${PYTHONPATH} /usr/bin/python3 -W ignore:setup.py install is deprecated setup.py egg_info --egg-base ../../build/gamepad_pkg build --build-base /home/bobby/dev_ws/build/gamepad_pkg/build install --record /home/bobby/dev_ws/build/gamepad_pkg/install.log --single-version-externally-managed install_data --force
[1.371s] running egg_info
[1.372s] writing ../../build/gamepad_pkg/gamepad_pkg.egg-info/PKG-INFO
[1.372s] writing dependency_links to ../../build/gamepad_pkg/gamepad_pkg.egg-info/dependency_links.txt
[1.372s] writing entry points to ../../build/gamepad_pkg/gamepad_pkg.egg-info/entry_points.txt
[1.373s] writing requirements to ../../build/gamepad_pkg/gamepad_pkg.egg-info/requires.txt
[1.373s] writing top-level names to ../../build/gamepad_pkg/gamepad_pkg.egg-info/top_level.txt
[1.374s] reading manifest file '../../build/gamepad_pkg/gamepad_pkg.egg-info/SOURCES.txt'
[1.374s] adding license file 'LICENSE'
[1.375s] writing manifest file '../../build/gamepad_pkg/gamepad_pkg.egg-info/SOURCES.txt'
[1.376s] running build
[1.376s] running build_py
[1.377s] running install
[1.378s] running install_lib
[1.380s] creating /home/bobby/dev_ws/install/gamepad_pkg/lib/python3.10/site-packages/gamepad_pkg
[1.380s] copying /home/bobby/dev_ws/build/gamepad_pkg/build/lib/gamepad_pkg/gamepad_node.py -> /home/bobby/dev_ws/install/gamepad_pkg/lib/python3.10/site-packages/gamepad_pkg
[1.380s] copying /home/bobby/dev_ws/build/gamepad_pkg/build/lib/gamepad_pkg/__init__.py -> /home/bobby/dev_ws/install/gamepad_pkg/lib/python3.10/site-packages/gamepad_pkg
[1.381s] byte-compiling /home/bobby/dev_ws/install/gamepad_pkg/lib/python3.10/site-packages/gamepad_pkg/gamepad_node.py to gamepad_node.cpython-310.pyc
[1.381s] byte-compiling /home/bobby/dev_ws/install/gamepad_pkg/lib/python3.10/site-packages/gamepad_pkg/__init__.py to __init__.cpython-310.pyc
[1.382s] running install_data
[1.382s] copying resource/gamepad_pkg -> /home/bobby/dev_ws/install/gamepad_pkg/share/ament_index/resource_index/packages
[1.382s] copying package.xml -> /home/bobby/dev_ws/install/gamepad_pkg/share/gamepad_pkg
[1.382s] running install_egg_info
[1.384s] Copying ../../build/gamepad_pkg/gamepad_pkg.egg-info to /home/bobby/dev_ws/install/gamepad_pkg/lib/python3.10/site-packages/gamepad_pkg-0.0.0-py3.10.egg-info
[1.385s] running install_scripts
[1.408s] Installing gamepad_node script to /home/bobby/dev_ws/install/gamepad_pkg/lib/gamepad_pkg
[1.409s] writing list of installed files to '/home/bobby/dev_ws/build/gamepad_pkg/install.log'
[1.446s] Invoked command in '/home/bobby/dev_ws/src/gamepad_pkg' returned '0': PYTHONPATH=/home/bobby/dev_ws/build/gamepad_pkg/prefix_override:/usr/lib/python3/dist-packages/colcon_core/task/python/colcon_distutils_commands:/home/bobby/dev_ws/install/gamepad_pkg/lib/python3.10/site-packages:${PYTHONPATH} /usr/bin/python3 -W ignore:setup.py install is deprecated setup.py egg_info --egg-base ../../build/gamepad_pkg build --build-base /home/bobby/dev_ws/build/gamepad_pkg/build install --record /home/bobby/dev_ws/build/gamepad_pkg/install.log --single-version-externally-managed install_data --force
