[0.473s] Invoking command in '/home/bobby/dev_ws/build/gamepad_pkg': PYTHONPATH=/home/bobby/dev_ws/build/gamepad_pkg/prefix_override:/usr/lib/python3/dist-packages/colcon_core/task/python/colcon_distutils_commands:/home/bobby/dev_ws/install/gamepad_pkg/lib/python3.10/site-packages:${PYTHONPATH} /usr/bin/python3 -W ignore:setup.py install is deprecated setup.py develop --editable --build-directory /home/bobby/dev_ws/build/gamepad_pkg/build --no-deps symlink_data --force
[0.651s] running develop
[0.651s] /usr/lib/python3/dist-packages/setuptools/command/easy_install.py:158: EasyInstallDeprecationWarning: easy_install command is deprecated. Use build and pip and other standards-based tools.
[0.651s]   warnings.warn(
[0.754s] running egg_info
[0.754s] writing gamepad_pkg.egg-info/PKG-INFO
[0.754s] writing dependency_links to gamepad_pkg.egg-info/dependency_links.txt
[0.754s] writing entry points to gamepad_pkg.egg-info/entry_points.txt
[0.754s] writing requirements to gamepad_pkg.egg-info/requires.txt
[0.754s] writing top-level names to gamepad_pkg.egg-info/top_level.txt
[0.755s] reading manifest file 'gamepad_pkg.egg-info/SOURCES.txt'
[0.756s] writing manifest file 'gamepad_pkg.egg-info/SOURCES.txt'
[0.757s] running build_ext
[0.757s] Creating /home/bobby/dev_ws/install/gamepad_pkg/lib/python3.10/site-packages/gamepad-pkg.egg-link (link to .)
[0.757s] Installing gamepad_node script to /home/bobby/dev_ws/install/gamepad_pkg/lib/gamepad_pkg
[0.758s] 
[0.758s] Installed /home/bobby/dev_ws/build/gamepad_pkg
[0.758s] running symlink_data
[0.758s] symbolically linking /home/bobby/dev_ws/build/gamepad_pkg/resource/gamepad_pkg -> /home/bobby/dev_ws/install/gamepad_pkg/share/ament_index/resource_index/packages
[0.758s] symbolically linking /home/bobby/dev_ws/build/gamepad_pkg/package.xml -> /home/bobby/dev_ws/install/gamepad_pkg/share/gamepad_pkg
[0.782s] Invoked command in '/home/bobby/dev_ws/build/gamepad_pkg' returned '0': PYTHONPATH=/home/bobby/dev_ws/build/gamepad_pkg/prefix_override:/usr/lib/python3/dist-packages/colcon_core/task/python/colcon_distutils_commands:/home/bobby/dev_ws/install/gamepad_pkg/lib/python3.10/site-packages:${PYTHONPATH} /usr/bin/python3 -W ignore:setup.py install is deprecated setup.py develop --editable --build-directory /home/bobby/dev_ws/build/gamepad_pkg/build --no-deps symlink_data --force
