[0.675s] Invoking command in '/home/bobby/dev_ws/build/gamepad_pkg': PYTHONPATH=/home/bobby/dev_ws/build/gamepad_pkg/prefix_override:/usr/lib/python3/dist-packages/colcon_core/task/python/colcon_distutils_commands:/home/bobby/dev_ws/install/gamepad_pkg/lib/python3.10/site-packages:${PYTHONPATH} /usr/bin/python3 -W ignore:setup.py install is deprecated setup.py develop --editable --build-directory /home/bobby/dev_ws/build/gamepad_pkg/build --no-deps symlink_data --force
[0.892s] running develop
[0.892s] /usr/lib/python3/dist-packages/setuptools/command/easy_install.py:158: EasyInstallDeprecationWarning: easy_install command is deprecated. Use build and pip and other standards-based tools.
[0.892s]   warnings.warn(
[1.018s] running egg_info
[1.018s] writing gamepad_pkg.egg-info/PKG-INFO
[1.018s] writing dependency_links to gamepad_pkg.egg-info/dependency_links.txt
[1.018s] writing entry points to gamepad_pkg.egg-info/entry_points.txt
[1.018s] writing requirements to gamepad_pkg.egg-info/requires.txt
[1.019s] writing top-level names to gamepad_pkg.egg-info/top_level.txt
[1.020s] reading manifest file 'gamepad_pkg.egg-info/SOURCES.txt'
[1.021s] writing manifest file 'gamepad_pkg.egg-info/SOURCES.txt'
[1.024s] running build_ext
[1.027s] Creating /home/bobby/dev_ws/install/gamepad_pkg/lib/python3.10/site-packages/gamepad-pkg.egg-link (link to .)
[1.027s] Installing gamepad_node script to /home/bobby/dev_ws/install/gamepad_pkg/lib/gamepad_pkg
[1.027s] 
[1.027s] Installed /home/bobby/dev_ws/build/gamepad_pkg
[1.027s] running symlink_data
[1.027s] symbolically linking /home/bobby/dev_ws/build/gamepad_pkg/resource/gamepad_pkg -> /home/bobby/dev_ws/install/gamepad_pkg/share/ament_index/resource_index/packages
[1.028s] symbolically linking /home/bobby/dev_ws/build/gamepad_pkg/package.xml -> /home/bobby/dev_ws/install/gamepad_pkg/share/gamepad_pkg
[1.064s] Invoked command in '/home/bobby/dev_ws/build/gamepad_pkg' returned '0': PYTHONPATH=/home/bobby/dev_ws/build/gamepad_pkg/prefix_override:/usr/lib/python3/dist-packages/colcon_core/task/python/colcon_distutils_commands:/home/bobby/dev_ws/install/gamepad_pkg/lib/python3.10/site-packages:${PYTHONPATH} /usr/bin/python3 -W ignore:setup.py install is deprecated setup.py develop --editable --build-directory /home/bobby/dev_ws/build/gamepad_pkg/build --no-deps symlink_data --force
