[0.445s] Invoking command in '/home/bobby/dev_ws/src/gamepad_pkg': PYTHONPATH=/home/bobby/dev_ws/build/gamepad_pkg/prefix_override:/usr/lib/python3/dist-packages/colcon_core/task/python/colcon_distutils_commands:/home/bobby/dev_ws/install/gamepad_pkg/lib/python3.10/site-packages:${PYTHONPATH} /usr/bin/python3 -W ignore:setup.py install is deprecated setup.py egg_info --egg-base ../../build/gamepad_pkg build --build-base /home/bobby/dev_ws/build/gamepad_pkg/build install --record /home/bobby/dev_ws/build/gamepad_pkg/install.log --single-version-externally-managed install_data
[0.606s] running egg_info
[0.607s] writing ../../build/gamepad_pkg/gamepad_pkg.egg-info/PKG-INFO
[0.607s] writing dependency_links to ../../build/gamepad_pkg/gamepad_pkg.egg-info/dependency_links.txt
[0.607s] writing entry points to ../../build/gamepad_pkg/gamepad_pkg.egg-info/entry_points.txt
[0.607s] writing requirements to ../../build/gamepad_pkg/gamepad_pkg.egg-info/requires.txt
[0.607s] writing top-level names to ../../build/gamepad_pkg/gamepad_pkg.egg-info/top_level.txt
[0.608s] reading manifest file '../../build/gamepad_pkg/gamepad_pkg.egg-info/SOURCES.txt'
[0.608s] adding license file 'LICENSE'
[0.609s] writing manifest file '../../build/gamepad_pkg/gamepad_pkg.egg-info/SOURCES.txt'
[0.609s] running build
[0.609s] running build_py
[0.609s] copying gamepad_pkg/gamepad_node.py -> /home/bobby/dev_ws/build/gamepad_pkg/build/lib/gamepad_pkg
[0.609s] running install
[0.609s] running install_lib
[0.610s] copying /home/bobby/dev_ws/build/gamepad_pkg/build/lib/gamepad_pkg/gamepad_node.py -> /home/bobby/dev_ws/install/gamepad_pkg/lib/python3.10/site-packages/gamepad_pkg
[0.610s] byte-compiling /home/bobby/dev_ws/install/gamepad_pkg/lib/python3.10/site-packages/gamepad_pkg/gamepad_node.py to gamepad_node.cpython-310.pyc
[0.611s] running install_data
[0.611s] running install_egg_info
[0.612s] removing '/home/bobby/dev_ws/install/gamepad_pkg/lib/python3.10/site-packages/gamepad_pkg-0.0.0-py3.10.egg-info' (and everything under it)
[0.612s] Copying ../../build/gamepad_pkg/gamepad_pkg.egg-info to /home/bobby/dev_ws/install/gamepad_pkg/lib/python3.10/site-packages/gamepad_pkg-0.0.0-py3.10.egg-info
[0.613s] running install_scripts
[0.628s] Installing gamepad_node script to /home/bobby/dev_ws/install/gamepad_pkg/lib/gamepad_pkg
[0.629s] writing list of installed files to '/home/bobby/dev_ws/build/gamepad_pkg/install.log'
[0.648s] Invoked command in '/home/bobby/dev_ws/src/gamepad_pkg' returned '0': PYTHONPATH=/home/bobby/dev_ws/build/gamepad_pkg/prefix_override:/usr/lib/python3/dist-packages/colcon_core/task/python/colcon_distutils_commands:/home/bobby/dev_ws/install/gamepad_pkg/lib/python3.10/site-packages:${PYTHONPATH} /usr/bin/python3 -W ignore:setup.py install is deprecated setup.py egg_info --egg-base ../../build/gamepad_pkg build --build-base /home/bobby/dev_ws/build/gamepad_pkg/build install --record /home/bobby/dev_ws/build/gamepad_pkg/install.log --single-version-externally-managed install_data
