[0.013s] Invoking command in '/home/bobby/dev_ws/build/joint_limits': CMAKE_PREFIX_PATH=${CMAKE_PREFIX_PATH}:/opt/ros/humble /usr/bin/cmake /home/bobby/dev_ws/src/ros2_control/joint_limits -DAMENT_CMAKE_SYMLINK_INSTALL=1 -DCMAKE_INSTALL_PREFIX=/home/bobby/dev_ws/install/joint_limits
[0.162s] -- The CXX compiler identification is GNU 11.4.0
[0.172s] -- Detecting CXX compiler ABI info
[0.274s] -- Detecting CXX compiler ABI info - done
[0.280s] -- Check for working CXX compiler: /usr/bin/c++ - skipped
[0.280s] -- Detecting CXX compile features
[0.281s] -- Detecting CXX compile features - done
[0.285s] -- Found ament_cmake: 1.3.10 (/opt/ros/humble/share/ament_cmake/cmake)
[0.460s] -- Found Python3: /usr/bin/python3 (found version "3.10.12") found components: Interpreter 
[0.542s] -- Override CMake install command with custom implementation using symlinks instead of copying resources
[0.592s] -- Configuring incomplete, errors occurred!
[0.592s] See also "/home/bobby/dev_ws/build/joint_limits/CMakeFiles/CMakeOutput.log".
[0.592s] [31mCMake Error at CMakeLists.txt:19 (find_package):
[0.592s]   By not providing "Findbackward_ros.cmake" in CMAKE_MODULE_PATH this project
[0.592s]   has asked CMake to find a package configuration file provided by
[0.592s]   "backward_ros", but CMake did not find one.
[0.592s] 
[0.592s]   Could not find a package configuration file provided by "backward_ros" with
[0.592s]   any of the following names:
[0.592s] 
[0.592s]     backward_rosConfig.cmake
[0.593s]     backward_ros-config.cmake
[0.593s] 
[0.593s]   Add the installation prefix of "backward_ros" to CMAKE_PREFIX_PATH or set
[0.593s]   "backward_ros_DIR" to a directory containing one of the above files.  If
[0.593s]   "backward_ros" provides a separate development package or SDK, be sure it
[0.593s]   has been installed.
[0.593s] 
[0.593s] [0m
[0.595s] Invoked command in '/home/bobby/dev_ws/build/joint_limits' returned '1': CMAKE_PREFIX_PATH=${CMAKE_PREFIX_PATH}:/opt/ros/humble /usr/bin/cmake /home/bobby/dev_ws/src/ros2_control/joint_limits -DAMENT_CMAKE_SYMLINK_INSTALL=1 -DCMAKE_INSTALL_PREFIX=/home/bobby/dev_ws/install/joint_limits
