[0.009s] Invoking command in '/home/bobby/dev_ws/build/delivery_robot': CMAKE_PREFIX_PATH=${CMAKE_PREFIX_PATH}:/opt/ros/humble /usr/bin/cmake --build /home/bobby/dev_ws/build/delivery_robot -- -j4 -l4
[0.063s] -- Found ament_cmake: 1.3.10 (/opt/ros/humble/share/ament_cmake/cmake)
[0.156s] -- Override CMake install command with custom implementation using symlinks instead of copying resources
[0.168s] -- Found ament_lint_auto: 0.12.11 (/opt/ros/humble/share/ament_lint_auto/cmake)
[0.223s] -- Added test 'copyright' to check source files copyright and LICENSE
[0.227s] -- Added test 'flake8' to check Python code syntax and style conventions
[0.228s] -- Added test 'lint_cmake' to check CMake code style
[0.228s] -- Added test 'pep257' to check Python code against some of the docstring style conventions in PEP 257
[0.230s] -- Added test 'xmllint' to check XML markup files
[0.231s] -- Configuring done
[0.235s] -- Generating done
[0.236s] -- Build files have been written to: /home/bobby/dev_ws/build/delivery_robot
[0.250s] Invoked command in '/home/bobby/dev_ws/build/delivery_robot' returned '0': CMAKE_PREFIX_PATH=${CMAKE_PREFIX_PATH}:/opt/ros/humble /usr/bin/cmake --build /home/bobby/dev_ws/build/delivery_robot -- -j4 -l4
[0.270s] Invoking command in '/home/bobby/dev_ws/build/delivery_robot': CMAKE_PREFIX_PATH=${CMAKE_PREFIX_PATH}:/opt/ros/humble /usr/bin/cmake --install /home/bobby/dev_ws/build/delivery_robot
[0.276s] -- Install configuration: ""
[0.276s] -- Execute custom install script
[0.276s] -- Up-to-date symlink: /home/bobby/dev_ws/install/delivery_robot/share/delivery_robot/config/empty.yaml
[0.277s] -- Up-to-date symlink: /home/bobby/dev_ws/install/delivery_robot/share/delivery_robot/description/robot.urdf.xacro
[0.277s] -- Up-to-date symlink: /home/bobby/dev_ws/install/delivery_robot/share/delivery_robot/launch/rsp.launch.py
[0.278s] -- Up-to-date symlink: /home/bobby/dev_ws/install/delivery_robot/share/delivery_robot/worlds/empty.world
[0.278s] -- Up-to-date symlink: /home/bobby/dev_ws/install/delivery_robot/share/ament_index/resource_index/package_run_dependencies/delivery_robot
[0.278s] -- Up-to-date symlink: /home/bobby/dev_ws/install/delivery_robot/share/ament_index/resource_index/parent_prefix_path/delivery_robot
[0.278s] -- Up-to-date symlink: /home/bobby/dev_ws/install/delivery_robot/share/delivery_robot/environment/ament_prefix_path.sh
[0.278s] -- Up-to-date symlink: /home/bobby/dev_ws/install/delivery_robot/share/delivery_robot/environment/ament_prefix_path.dsv
[0.279s] -- Up-to-date symlink: /home/bobby/dev_ws/install/delivery_robot/share/delivery_robot/environment/path.sh
[0.279s] -- Up-to-date symlink: /home/bobby/dev_ws/install/delivery_robot/share/delivery_robot/environment/path.dsv
[0.279s] -- Up-to-date symlink: /home/bobby/dev_ws/install/delivery_robot/share/delivery_robot/local_setup.bash
[0.279s] -- Up-to-date symlink: /home/bobby/dev_ws/install/delivery_robot/share/delivery_robot/local_setup.sh
[0.279s] -- Up-to-date symlink: /home/bobby/dev_ws/install/delivery_robot/share/delivery_robot/local_setup.zsh
[0.280s] -- Up-to-date symlink: /home/bobby/dev_ws/install/delivery_robot/share/delivery_robot/local_setup.dsv
[0.280s] -- Symlinking: /home/bobby/dev_ws/install/delivery_robot/share/delivery_robot/package.dsv
[0.286s] -- Up-to-date symlink: /home/bobby/dev_ws/install/delivery_robot/share/ament_index/resource_index/packages/delivery_robot
[0.286s] -- Up-to-date symlink: /home/bobby/dev_ws/install/delivery_robot/share/delivery_robot/cmake/delivery_robotConfig.cmake
[0.286s] -- Up-to-date symlink: /home/bobby/dev_ws/install/delivery_robot/share/delivery_robot/cmake/delivery_robotConfig-version.cmake
[0.286s] -- Up-to-date symlink: /home/bobby/dev_ws/install/delivery_robot/share/delivery_robot/package.xml
[0.288s] Invoked command in '/home/bobby/dev_ws/build/delivery_robot' returned '0': CMAKE_PREFIX_PATH=${CMAKE_PREFIX_PATH}:/opt/ros/humble /usr/bin/cmake --install /home/bobby/dev_ws/build/delivery_robot
