[0.018s] Invoking command in '/home/bobby/dev_ws/build/delivery_robot': CMAKE_PREFIX_PATH=${CMAKE_PREFIX_PATH}:/home/bobby/dev_ws/install/gamepad_pkg:/opt/ros/humble /usr/bin/cmake /home/bobby/dev_ws/src/delivery_robot -DCMAKE_INSTALL_PREFIX=/home/bobby/dev_ws/install/delivery_robot
[0.064s] -- Found ament_cmake: 1.3.10 (/opt/ros/humble/share/ament_cmake/cmake)
[0.202s] -- Override CMake install command with custom implementation using symlinks instead of copying resources
[0.215s] -- Found ament_lint_auto: 0.12.11 (/opt/ros/humble/share/ament_lint_auto/cmake)
[0.336s] -- Added test 'copyright' to check source files copyright and LICENSE
[0.346s] -- Added test 'flake8' to check Python code syntax and style conventions
[0.346s] -- Added test 'lint_cmake' to check CMake code style
[0.347s] -- Added test 'pep257' to check Python code against some of the docstring style conventions in PEP 257
[0.350s] -- Added test 'xmllint' to check XML markup files
[0.353s] -- Configuring done
[0.360s] -- Generating done
[0.360s] -- Build files have been written to: /home/bobby/dev_ws/build/delivery_robot
[0.364s] Invoked command in '/home/bobby/dev_ws/build/delivery_robot' returned '0': CMAKE_PREFIX_PATH=${CMAKE_PREFIX_PATH}:/home/bobby/dev_ws/install/gamepad_pkg:/opt/ros/humble /usr/bin/cmake /home/bobby/dev_ws/src/delivery_robot -DCMAKE_INSTALL_PREFIX=/home/bobby/dev_ws/install/delivery_robot
[0.368s] Invoking command in '/home/bobby/dev_ws/build/delivery_robot': CMAKE_PREFIX_PATH=${CMAKE_PREFIX_PATH}:/home/bobby/dev_ws/install/gamepad_pkg:/opt/ros/humble /usr/bin/cmake --build /home/bobby/dev_ws/build/delivery_robot -- -j4 -l4
[0.413s] Invoked command in '/home/bobby/dev_ws/build/delivery_robot' returned '0': CMAKE_PREFIX_PATH=${CMAKE_PREFIX_PATH}:/home/bobby/dev_ws/install/gamepad_pkg:/opt/ros/humble /usr/bin/cmake --build /home/bobby/dev_ws/build/delivery_robot -- -j4 -l4
[0.448s] Invoking command in '/home/bobby/dev_ws/build/delivery_robot': CMAKE_PREFIX_PATH=${CMAKE_PREFIX_PATH}:/home/bobby/dev_ws/install/gamepad_pkg:/opt/ros/humble /usr/bin/cmake --install /home/bobby/dev_ws/build/delivery_robot
[0.454s] -- Install configuration: ""
[0.456s] -- Execute custom install script
[0.456s] -- Up-to-date symlink: /home/bobby/dev_ws/install/delivery_robot/share/delivery_robot/config/drive_bot.rviz
[0.456s] -- Up-to-date symlink: /home/bobby/dev_ws/install/delivery_robot/share/delivery_robot/config/empty.world
[0.457s] -- Up-to-date symlink: /home/bobby/dev_ws/install/delivery_robot/share/delivery_robot/config/my_controllers.yaml
[0.457s] -- Up-to-date symlink: /home/bobby/dev_ws/install/delivery_robot/share/delivery_robot/config/view_bot.rviz
[0.457s] -- Up-to-date symlink: /home/bobby/dev_ws/install/delivery_robot/share/delivery_robot/description/camera.xacro
[0.457s] -- Up-to-date symlink: /home/bobby/dev_ws/install/delivery_robot/share/delivery_robot/description/gazebo_control.xacro
[0.457s] -- Up-to-date symlink: /home/bobby/dev_ws/install/delivery_robot/share/delivery_robot/description/inertial_macros.xacro
[0.457s] -- Up-to-date symlink: /home/bobby/dev_ws/install/delivery_robot/share/delivery_robot/description/lidar.xacro
[0.457s] -- Up-to-date symlink: /home/bobby/dev_ws/install/delivery_robot/share/delivery_robot/description/robot.urdf.xacro
[0.458s] -- Up-to-date symlink: /home/bobby/dev_ws/install/delivery_robot/share/delivery_robot/description/robot_core.xacro
[0.458s] -- Up-to-date symlink: /home/bobby/dev_ws/install/delivery_robot/share/delivery_robot/description/ros2_control.xacro
[0.460s] -- Up-to-date symlink: /home/bobby/dev_ws/install/delivery_robot/share/delivery_robot/launch/camera.launch.py
[0.461s] -- Up-to-date symlink: /home/bobby/dev_ws/install/delivery_robot/share/delivery_robot/launch/launch_sim.launch.py
[0.464s] -- Up-to-date symlink: /home/bobby/dev_ws/install/delivery_robot/share/delivery_robot/launch/rsp.launch.py
[0.465s] -- Up-to-date symlink: /home/bobby/dev_ws/install/delivery_robot/share/delivery_robot/worlds/empty.world
[0.465s] -- Up-to-date symlink: /home/bobby/dev_ws/install/delivery_robot/share/delivery_robot/worlds/obstacles.world
[0.466s] -- Up-to-date symlink: /home/bobby/dev_ws/install/delivery_robot/share/ament_index/resource_index/package_run_dependencies/delivery_robot
[0.466s] -- Up-to-date symlink: /home/bobby/dev_ws/install/delivery_robot/share/ament_index/resource_index/parent_prefix_path/delivery_robot
[0.467s] -- Up-to-date symlink: /home/bobby/dev_ws/install/delivery_robot/share/delivery_robot/environment/ament_prefix_path.sh
[0.468s] -- Up-to-date symlink: /home/bobby/dev_ws/install/delivery_robot/share/delivery_robot/environment/ament_prefix_path.dsv
[0.468s] -- Up-to-date symlink: /home/bobby/dev_ws/install/delivery_robot/share/delivery_robot/environment/path.sh
[0.468s] -- Up-to-date symlink: /home/bobby/dev_ws/install/delivery_robot/share/delivery_robot/environment/path.dsv
[0.469s] -- Up-to-date symlink: /home/bobby/dev_ws/install/delivery_robot/share/delivery_robot/local_setup.bash
[0.469s] -- Up-to-date symlink: /home/bobby/dev_ws/install/delivery_robot/share/delivery_robot/local_setup.sh
[0.470s] -- Up-to-date symlink: /home/bobby/dev_ws/install/delivery_robot/share/delivery_robot/local_setup.zsh
[0.470s] -- Up-to-date symlink: /home/bobby/dev_ws/install/delivery_robot/share/delivery_robot/local_setup.dsv
[0.471s] -- Symlinking: /home/bobby/dev_ws/install/delivery_robot/share/delivery_robot/package.dsv
[0.484s] -- Up-to-date symlink: /home/bobby/dev_ws/install/delivery_robot/share/ament_index/resource_index/packages/delivery_robot
[0.485s] -- Up-to-date symlink: /home/bobby/dev_ws/install/delivery_robot/share/delivery_robot/cmake/delivery_robotConfig.cmake
[0.486s] -- Up-to-date symlink: /home/bobby/dev_ws/install/delivery_robot/share/delivery_robot/cmake/delivery_robotConfig-version.cmake
[0.486s] -- Up-to-date symlink: /home/bobby/dev_ws/install/delivery_robot/share/delivery_robot/package.xml
[0.488s] Invoked command in '/home/bobby/dev_ws/build/delivery_robot' returned '0': CMAKE_PREFIX_PATH=${CMAKE_PREFIX_PATH}:/home/bobby/dev_ws/install/gamepad_pkg:/opt/ros/humble /usr/bin/cmake --install /home/bobby/dev_ws/build/delivery_robot
